{"/home/parminder/Desktop/iedaas/iedaas-demoapi/src/app.ts": {"path":"/home/parminder/Desktop/iedaas/iedaas-demoapi/src/app.ts","statementMap":{"0":{"start":{"line":1,"column":0},"end":{"line":1,"column":62}},"1":{"start":{"line":2,"column":0},"end":{"line":2,"column":28}},"2":{"start":{"line":3,"column":0},"end":{"line":3,"column":28}},"3":{"start":{"line":4,"column":0},"end":{"line":4,"column":44}},"4":{"start":{"line":5,"column":0},"end":{"line":5,"column":49}},"5":{"start":{"line":7,"column":0},"end":{"line":7,"column":16}},"6":{"start":{"line":9,"column":21},"end":{"line":9,"column":30}},"7":{"start":{"line":21,"column":9},"end":{"line":21,"column":12}},"8":{"start":{"line":11,"column":0},"end":{"line":11,"column":18}},"9":{"start":{"line":13,"column":0},"end":{"line":13,"column":20}},"10":{"start":{"line":15,"column":0},"end":{"line":15,"column":29}},"11":{"start":{"line":16,"column":0},"end":{"line":18,"column":5}},"12":{"start":{"line":17,"column":4},"end":{"line":17,"column":46}}},"fnMap":{"0":{"name":"(anonymous_1)","decl":{"start":{"line":16,"column":13},"end":{"line":16,"column":14}},"loc":{"start":{"line":16,"column":41},"end":{"line":18,"column":3}}}},"branchMap":{},"s":{"0":1,"1":1,"2":1,"3":1,"4":1,"5":1,"6":1,"7":1,"8":1,"9":1,"10":1,"11":1,"12":1},"f":{"0":1},"b":{}}
,"/home/parminder/Desktop/iedaas/iedaas-demoapi/src/controller/teams.ts": {"path":"/home/parminder/Desktop/iedaas/iedaas-demoapi/src/controller/teams.ts","statementMap":{"0":{"start":{"line":2,"column":0},"end":{"line":2,"column":56}},"1":{"start":{"line":4,"column":17},"end":{"line":13,"column":2}},"2":{"start":{"line":4,"column":51},"end":{"line":13,"column":2}},"3":{"start":{"line":6,"column":17},"end":{"line":6,"column":null}},"4":{"start":{"line":6,"column":10},"end":{"line":6,"column":null}},"5":{"start":{"line":7,"column":4},"end":{"line":9,"column":null}},"6":{"start":{"line":8,"column":6},"end":{"line":8,"column":40}},"7":{"start":{"line":11,"column":4},"end":{"line":11,"column":41}},"8":{"start":{"line":28,"column":29},"end":{"line":28,"column":37}},"9":{"start":{"line":15,"column":27},"end":{"line":27,"column":2}},"10":{"start":{"line":15,"column":61},"end":{"line":27,"column":2}},"11":{"start":{"line":16,"column":8},"end":{"line":16,"column":27}},"12":{"start":{"line":18,"column":22},"end":{"line":18,"column":null}},"13":{"start":{"line":18,"column":10},"end":{"line":18,"column":null}},"14":{"start":{"line":19,"column":4},"end":{"line":23,"column":null}},"15":{"start":{"line":20,"column":6},"end":{"line":20,"column":45}},"16":{"start":{"line":22,"column":6},"end":{"line":22,"column":48}},"17":{"start":{"line":25,"column":4},"end":{"line":25,"column":41}},"18":{"start":{"line":28,"column":9},"end":{"line":28,"column":27}}},"fnMap":{"0":{"name":"(anonymous_13)","decl":{"start":{"line":4,"column":17},"end":{"line":4,"column":24}},"loc":{"start":{"line":4,"column":51},"end":{"line":13,"column":2}}},"1":{"name":"(anonymous_14)","decl":{"start":{"line":4,"column":51},"end":{"line":4,"column":null}},"loc":{"start":{"line":4,"column":51},"end":{"line":13,"column":2}}},"2":{"name":"(anonymous_16)","decl":{"start":{"line":15,"column":27},"end":{"line":15,"column":34}},"loc":{"start":{"line":15,"column":61},"end":{"line":27,"column":2}}},"3":{"name":"(anonymous_17)","decl":{"start":{"line":15,"column":61},"end":{"line":15,"column":null}},"loc":{"start":{"line":15,"column":61},"end":{"line":27,"column":2}}}},"branchMap":{"0":{"loc":{"start":{"line":7,"column":4},"end":{"line":9,"column":null}},"type":"if","locations":[{"start":{"line":7,"column":4},"end":{"line":9,"column":null}}]},"1":{"loc":{"start":{"line":19,"column":4},"end":{"line":23,"column":null}},"type":"if","locations":[{"start":{"line":19,"column":4},"end":{"line":23,"column":null}},{"start":{"line":21,"column":11},"end":{"line":23,"column":null}}]}},"s":{"0":1,"1":1,"2":1,"3":1,"4":1,"5":1,"6":1,"7":0,"8":1,"9":1,"10":2,"11":2,"12":2,"13":2,"14":2,"15":1,"16":1,"17":0,"18":1},"f":{"0":1,"1":1,"2":2,"3":2},"b":{"0":[1],"1":[1,1]}}
,"/home/parminder/Desktop/iedaas/iedaas-demoapi/src/logger/httplogger.ts": {"path":"/home/parminder/Desktop/iedaas/iedaas-demoapi/src/logger/httplogger.ts","statementMap":{"0":{"start":{"line":1,"column":0},"end":{"line":1,"column":28}},"1":{"start":{"line":2,"column":0},"end":{"line":2,"column":20}},"2":{"start":{"line":3,"column":0},"end":{"line":3,"column":24}},"3":{"start":{"line":5,"column":22},"end":{"line":5,"column":92}},"4":{"start":{"line":7,"column":19},"end":{"line":8,"column":null}},"5":{"start":{"line":11,"column":9},"end":{"line":11,"column":19}}},"fnMap":{},"branchMap":{},"s":{"0":1,"1":1,"2":1,"3":1,"4":1,"5":1},"f":{},"b":{}}
,"/home/parminder/Desktop/iedaas/iedaas-demoapi/src/repository/data.ts": {"path":"/home/parminder/Desktop/iedaas/iedaas-demoapi/src/repository/data.ts","statementMap":{"0":{"start":{"line":1,"column":14},"end":{"line":50,"column":2}},"1":{"start":{"line":985,"column":9},"end":{"line":985,"column":14}},"2":{"start":{"line":72,"column":28},"end":{"line":980,"column":2}},"3":{"start":{"line":982,"column":2},"end":{"line":982,"column":22}},"4":{"start":{"line":985,"column":16},"end":{"line":985,"column":27}}},"fnMap":{"0":{"name":"getTeamName","decl":{"start":{"line":981,"column":9},"end":{"line":981,"column":20}},"loc":{"start":{"line":981,"column":31},"end":{"line":983,"column":1}}}},"branchMap":{},"s":{"0":1,"1":1,"2":1,"3":2,"4":1},"f":{"0":2},"b":{}}
,"/home/parminder/Desktop/iedaas/iedaas-demoapi/src/routes/router.ts": {"path":"/home/parminder/Desktop/iedaas/iedaas-demoapi/src/routes/router.ts","statementMap":{"0":{"start":{"line":1,"column":0},"end":{"line":1,"column":30}},"1":{"start":{"line":2,"column":0},"end":{"line":2,"column":67}},"2":{"start":{"line":4,"column":18},"end":{"line":4,"column":34}},"3":{"start":{"line":9,"column":9},"end":{"line":9,"column":18}},"4":{"start":{"line":6,"column":0},"end":{"line":6,"column":29}},"5":{"start":{"line":7,"column":0},"end":{"line":7,"column":42}}},"fnMap":{},"branchMap":{},"s":{"0":1,"1":1,"2":1,"3":1,"4":1,"5":1},"f":{},"b":{}}
}
