TN:
SF:src/app.ts
FN:16,(anonymous_1)
FNF:1
FNH:1
FNDA:1,(anonymous_1)
DA:1,1
DA:2,1
DA:3,1
DA:4,1
DA:5,1
DA:7,1
DA:9,1
DA:11,1
DA:13,1
DA:15,1
DA:16,1
DA:17,1
DA:21,1
LF:13
LH:13
BRF:0
BRH:0
end_of_record
TN:
SF:src/controller/teams.ts
FN:4,(anonymous_13)
FN:4,(anonymous_14)
FN:15,(anonymous_16)
FN:15,(anonymous_17)
FNF:4
FNH:4
FNDA:1,(anonymous_13)
FNDA:1,(anonymous_14)
FNDA:2,(anonymous_16)
FNDA:2,(anonymous_17)
DA:2,1
DA:4,1
DA:6,1
DA:7,1
DA:8,1
DA:11,0
DA:15,2
DA:16,2
DA:18,2
DA:19,2
DA:20,1
DA:22,1
DA:25,0
DA:28,1
LF:14
LH:12
BRDA:7,0,0,1
BRDA:19,1,0,1
BRDA:19,1,1,1
BRF:3
BRH:3
end_of_record
TN:
SF:src/logger/httplogger.ts
FNF:0
FNH:0
DA:1,1
DA:2,1
DA:3,1
DA:5,1
DA:7,1
DA:11,1
LF:6
LH:6
BRF:0
BRH:0
end_of_record
TN:
SF:src/repository/data.ts
FN:981,getTeamName
FNF:1
FNH:1
FNDA:2,getTeamName
DA:1,1
DA:72,1
DA:982,2
DA:985,1
LF:4
LH:4
BRF:0
BRH:0
end_of_record
TN:
SF:src/routes/router.ts
FNF:0
FNH:0
DA:1,1
DA:2,1
DA:4,1
DA:6,1
DA:7,1
DA:9,1
LF:6
LH:6
BRF:0
BRH:0
end_of_record
